2023-11-06T07:49:08.016Z - error: No config file found in parent directories of /Users/alyssaong/tp
2023-11-06T07:49:08.020Z - error: uncaughtException: The "path" argument must be of type string. Received undefined date=Mon Nov 06 2023 15:49:08 GMT+0800 (Singapore Standard Time), pid=4678, uid=501, gid=20, cwd=/Users/alyssaong/tp, execPath=/Users/alyssaong/.nvm/versions/node/v16.20.0/bin/node, version=v16.20.0, argv=[/Users/alyssaong/.nvm/versions/node/v16.20.0/bin/node, /Users/alyssaong/.nvm/versions/node/v16.20.0/bin/markbind, serve], rss=108003328, heapTotal=64487424, heapUsed=38989432, external=9341104, arrayBuffers=657076, loadavg=[1.7001953125, 1.8681640625, 1.73291015625], uptime=14148
TypeError [ERR_INVALID_ARG_TYPE]: The "path" argument must be of type string. Received undefined
    at new NodeError (node:internal/errors:387:5)
    at validateString (node:internal/validators:162:11)
    at Object.join (node:path:1172:7)
    at serve (/Users/alyssaong/.nvm/versions/node/v16.20.0/lib/node_modules/markbind-cli/src/cmd/serve.js:39:27)
    at Command.<anonymous> (/Users/alyssaong/.nvm/versions/node/v16.20.0/lib/node_modules/markbind-cli/index.js:61:5)
    at Command.listener [as _actionHandler] (/Users/alyssaong/.nvm/versions/node/v16.20.0/lib/node_modules/markbind-cli/node_modules/commander/lib/command.js:488:17)
    at /Users/alyssaong/.nvm/versions/node/v16.20.0/lib/node_modules/markbind-cli/node_modules/commander/lib/command.js:1227:65
    at Command._chainOrCall (/Users/alyssaong/.nvm/versions/node/v16.20.0/lib/node_modules/markbind-cli/node_modules/commander/lib/command.js:1144:12)
    at Command._parseCommand (/Users/alyssaong/.nvm/versions/node/v16.20.0/lib/node_modules/markbind-cli/node_modules/commander/lib/command.js:1227:27)
    at Command._dispatchSubcommand (/Users/alyssaong/.nvm/versions/node/v16.20.0/lib/node_modules/markbind-cli/node_modules/commander/lib/command.js:1050:25)
    at Command._parseCommand (/Users/alyssaong/.nvm/versions/node/v16.20.0/lib/node_modules/markbind-cli/node_modules/commander/lib/command.js:1193:19)
    at Command.parse (/Users/alyssaong/.nvm/versions/node/v16.20.0/lib/node_modules/markbind-cli/node_modules/commander/lib/command.js:897:10)
    at Object.<anonymous> (/Users/alyssaong/.nvm/versions/node/v16.20.0/lib/node_modules/markbind-cli/index.js:86:9)
    at Module._compile (node:internal/modules/cjs/loader:1196:14)
    at Object.Module._extensions..js (node:internal/modules/cjs/loader:1250:10)
    at Module.load (node:internal/modules/cjs/loader:1074:32)
2023-11-06T07:49:46.880Z - error: No config file found in parent directories of /Users/alyssaong/tp
2023-11-06T07:49:46.885Z - error: uncaughtException: The "path" argument must be of type string. Received undefined date=Mon Nov 06 2023 15:49:46 GMT+0800 (Singapore Standard Time), pid=4690, uid=501, gid=20, cwd=/Users/alyssaong/tp, execPath=/Users/alyssaong/.nvm/versions/node/v16.20.0/bin/node, version=v16.20.0, argv=[/Users/alyssaong/.nvm/versions/node/v16.20.0/bin/node, /Users/alyssaong/.nvm/versions/node/v16.20.0/bin/markbind, serve], rss=107626496, heapTotal=64487424, heapUsed=39347152, external=9341104, arrayBuffers=718255, loadavg=[1.7724609375, 1.853515625, 1.73291015625], uptime=14186
TypeError [ERR_INVALID_ARG_TYPE]: The "path" argument must be of type string. Received undefined
    at new NodeError (node:internal/errors:387:5)
    at validateString (node:internal/validators:162:11)
    at Object.join (node:path:1172:7)
    at serve (/Users/alyssaong/.nvm/versions/node/v16.20.0/lib/node_modules/markbind-cli/src/cmd/serve.js:39:27)
    at Command.<anonymous> (/Users/alyssaong/.nvm/versions/node/v16.20.0/lib/node_modules/markbind-cli/index.js:61:5)
    at Command.listener [as _actionHandler] (/Users/alyssaong/.nvm/versions/node/v16.20.0/lib/node_modules/markbind-cli/node_modules/commander/lib/command.js:488:17)
    at /Users/alyssaong/.nvm/versions/node/v16.20.0/lib/node_modules/markbind-cli/node_modules/commander/lib/command.js:1227:65
    at Command._chainOrCall (/Users/alyssaong/.nvm/versions/node/v16.20.0/lib/node_modules/markbind-cli/node_modules/commander/lib/command.js:1144:12)
    at Command._parseCommand (/Users/alyssaong/.nvm/versions/node/v16.20.0/lib/node_modules/markbind-cli/node_modules/commander/lib/command.js:1227:27)
    at Command._dispatchSubcommand (/Users/alyssaong/.nvm/versions/node/v16.20.0/lib/node_modules/markbind-cli/node_modules/commander/lib/command.js:1050:25)
    at Command._parseCommand (/Users/alyssaong/.nvm/versions/node/v16.20.0/lib/node_modules/markbind-cli/node_modules/commander/lib/command.js:1193:19)
    at Command.parse (/Users/alyssaong/.nvm/versions/node/v16.20.0/lib/node_modules/markbind-cli/node_modules/commander/lib/command.js:897:10)
    at Object.<anonymous> (/Users/alyssaong/.nvm/versions/node/v16.20.0/lib/node_modules/markbind-cli/index.js:86:9)
    at Module._compile (node:internal/modules/cjs/loader:1196:14)
    at Object.Module._extensions..js (node:internal/modules/cjs/loader:1250:10)
    at Module.load (node:internal/modules/cjs/loader:1074:32)
2023-11-06T07:50:34.870Z - error: No config file found in parent directories of /Users/alyssaong/tp
2023-11-06T07:50:34.873Z - error: uncaughtException: The "path" argument must be of type string. Received undefined date=Mon Nov 06 2023 15:50:34 GMT+0800 (Singapore Standard Time), pid=4708, uid=501, gid=20, cwd=/Users/alyssaong/tp, execPath=/Users/alyssaong/.nvm/versions/node/v16.20.0/bin/node, version=v16.20.0, argv=[/Users/alyssaong/.nvm/versions/node/v16.20.0/bin/node, /Users/alyssaong/.nvm/versions/node/v16.20.0/bin/markbind, s], rss=109035520, heapTotal=64225280, heapUsed=39189792, external=9341104, arrayBuffers=701828, loadavg=[1.69873046875, 1.83740234375, 1.73291015625], uptime=14234
TypeError [ERR_INVALID_ARG_TYPE]: The "path" argument must be of type string. Received undefined
    at new NodeError (node:internal/errors:387:5)
    at validateString (node:internal/validators:162:11)
    at Object.join (node:path:1172:7)
    at serve (/Users/alyssaong/.nvm/versions/node/v16.20.0/lib/node_modules/markbind-cli/src/cmd/serve.js:39:27)
    at Command.<anonymous> (/Users/alyssaong/.nvm/versions/node/v16.20.0/lib/node_modules/markbind-cli/index.js:61:5)
    at Command.listener [as _actionHandler] (/Users/alyssaong/.nvm/versions/node/v16.20.0/lib/node_modules/markbind-cli/node_modules/commander/lib/command.js:488:17)
    at /Users/alyssaong/.nvm/versions/node/v16.20.0/lib/node_modules/markbind-cli/node_modules/commander/lib/command.js:1227:65
    at Command._chainOrCall (/Users/alyssaong/.nvm/versions/node/v16.20.0/lib/node_modules/markbind-cli/node_modules/commander/lib/command.js:1144:12)
    at Command._parseCommand (/Users/alyssaong/.nvm/versions/node/v16.20.0/lib/node_modules/markbind-cli/node_modules/commander/lib/command.js:1227:27)
    at Command._dispatchSubcommand (/Users/alyssaong/.nvm/versions/node/v16.20.0/lib/node_modules/markbind-cli/node_modules/commander/lib/command.js:1050:25)
    at Command._parseCommand (/Users/alyssaong/.nvm/versions/node/v16.20.0/lib/node_modules/markbind-cli/node_modules/commander/lib/command.js:1193:19)
    at Command.parse (/Users/alyssaong/.nvm/versions/node/v16.20.0/lib/node_modules/markbind-cli/node_modules/commander/lib/command.js:897:10)
    at Object.<anonymous> (/Users/alyssaong/.nvm/versions/node/v16.20.0/lib/node_modules/markbind-cli/index.js:86:9)
    at Module._compile (node:internal/modules/cjs/loader:1196:14)
    at Object.Module._extensions..js (node:internal/modules/cjs/loader:1250:10)
    at Module.load (node:internal/modules/cjs/loader:1074:32)
